<?xml version="1.0" encoding="UTF-8"?>
<testsuite xmlns:xsi="http://www.w3.org/2001/XMLSchema-instance" xsi:noNamespaceSchemaLocation="https://maven.apache.org/surefire/maven-surefire-plugin/xsd/surefire-test-report-3.0.xsd" version="3.0" name="EmilDobrev.Ecommerce.Store.ECommerceStoreApplicationTests" time="1.983" tests="1" errors="0" skipped="0" failures="0">
  <properties>
[...]
</properties>
  <testcase name="contextLoads" classname="EmilDobrev.Ecommerce.Store.ECommerceStoreApplicationTests" time="0.435">
    <system-out><![CDATA[19:55:22.607 [main] INFO org.springframework.test.context.support.AnnotationConfigContextLoaderUtils -- Could not detect default configuration classes for test class [EmilDobrev.Ecommerce.Store.ECommerceStoreApplicationTests]: ECommerceStoreApplicationTests does not declare any static, non-private, non-final, nested classes annotated with @Configuration.
19:55:22.649 [main] INFO org.springframework.boot.test.context.SpringBootTestContextBootstrapper -- Found @SpringBootConfiguration EmilDobrev.Ecommerce.Store.ECommerceStoreApplication for test class EmilDobrev.Ecommerce.Store.ECommerceStoreApplicationTests

  .   ____          _            __ _ _
 /\\ / ___'_ __ _ _(_)_ __  __ _ \ \ \ \
( ( )\___ | '_ | '_| | '_ \/ _` | \ \ \ \
 \\/  ___)| |_)| | | | | || (_| |  ) ) ) )
  '  |____| .__|_| |_|_| |_\__, | / / / /
 =========|_|==============|___/=/_/_/_/
 :: Spring Boot ::                (v3.1.0)

2023-06-04T19:55:22.831+03:00  INFO 59667 --- [           main] E.E.S.ECommerceStoreApplicationTests     : Starting ECommerceStoreApplicationTests using Java 17.0.6 with PID 59667 (started by dobreve in /Users/dobreve/E-commerce-Store)
2023-06-04T19:55:22.832+03:00  INFO 59667 --- [           main] E.E.S.ECommerceStoreApplicationTests     : No active profile set, falling back to 1 default profile: "default"
2023-06-04T19:55:23.164+03:00  INFO 59667 --- [           main] .s.d.r.c.RepositoryConfigurationDelegate : Bootstrapping Spring Data MongoDB repositories in DEFAULT mode.
2023-06-04T19:55:23.184+03:00  INFO 59667 --- [           main] .s.d.r.c.RepositoryConfigurationDelegate : Finished Spring Data repository scanning in 17 ms. Found 1 MongoDB repository interfaces.
2023-06-04T19:55:23.558+03:00  INFO 59667 --- [           main] org.mongodb.driver.client                : MongoClient with metadata {"driver": {"name": "mongo-java-driver|sync|spring-boot", "version": "4.9.1"}, "os": {"type": "Darwin", "name": "Mac OS X", "architecture": "aarch64", "version": "12.6.3"}, "platform": "Java/Amazon.com Inc./17.0.6+10-LTS"} created with settings MongoClientSettings{readPreference=primary, writeConcern=WriteConcern{w=null, wTimeout=null ms, journal=null}, retryWrites=true, retryReads=true, readConcern=ReadConcern{level=null}, credential=MongoCredential{mechanism=null, userName='admin', source='admin', password=<hidden>, mechanismProperties=<hidden>}, streamFactoryFactory=null, commandListeners=[io.micrometer.core.instrument.binder.mongodb.MongoMetricsCommandListener@44d7e24], codecRegistry=ProvidersCodecRegistry{codecProviders=[ValueCodecProvider{}, BsonValueCodecProvider{}, DBRefCodecProvider{}, DBObjectCodecProvider{}, DocumentCodecProvider{}, CollectionCodecProvider{}, IterableCodecProvider{}, MapCodecProvider{}, GeoJsonCodecProvider{}, GridFSFileCodecProvider{}, Jsr310CodecProvider{}, JsonObjectCodecProvider{}, BsonCodecProvider{}, EnumCodecProvider{}, com.mongodb.client.model.mql.ExpressionCodecProvider@26c8b296, com.mongodb.Jep395RecordCodecProvider@1d289d3f]}, loggerSettings=LoggerSettings{maxDocumentLength=1000}, clusterSettings={hosts=[localhost:27017], srvServiceName=mongodb, mode=SINGLE, requiredClusterType=UNKNOWN, requiredReplicaSetName='null', serverSelector='null', clusterListeners='[]', serverSelectionTimeout='30000 ms', localThreshold='30000 ms'}, socketSettings=SocketSettings{connectTimeoutMS=10000, readTimeoutMS=0, receiveBufferSize=0, sendBufferSize=0}, heartbeatSocketSettings=SocketSettings{connectTimeoutMS=10000, readTimeoutMS=10000, receiveBufferSize=0, sendBufferSize=0}, connectionPoolSettings=ConnectionPoolSettings{maxSize=100, minSize=0, maxWaitTimeMS=120000, maxConnectionLifeTimeMS=0, maxConnectionIdleTimeMS=0, maintenanceInitialDelayMS=0, maintenanceFrequencyMS=60000, connectionPoolListeners=[io.micrometer.core.instrument.binder.mongodb.MongoMetricsConnectionPoolListener@10f405ff], maxConnecting=2}, serverSettings=ServerSettings{heartbeatFrequencyMS=10000, minHeartbeatFrequencyMS=500, serverListeners='[]', serverMonitorListeners='[]'}, sslSettings=SslSettings{enabled=false, invalidHostNameAllowed=false, context=null}, applicationName='null', compressorList=[], uuidRepresentation=JAVA_LEGACY, serverApi=null, autoEncryptionSettings=null, contextProvider=null}
2023-06-04T19:55:23.582+03:00  INFO 59667 --- [localhost:27017] org.mongodb.driver.cluster               : Monitor thread successfully connected to server with description ServerDescription{address=localhost:27017, type=STANDALONE, state=CONNECTED, ok=true, minWireVersion=0, maxWireVersion=17, maxDocumentSize=16777216, logicalSessionTimeoutMinutes=30, roundTripTimeNanos=11563834}
2023-06-04T19:55:23.907+03:00  INFO 59667 --- [           main] o.s.b.a.e.web.EndpointLinksResolver      : Exposing 1 endpoint(s) beneath base path '/actuator'
2023-06-04T19:55:23.914+03:00  INFO 59667 --- [           main] o.s.s.web.DefaultSecurityFilterChain     : Will secure any request with [org.springframework.security.web.session.DisableEncodeUrlFilter@a99c42c, org.springframework.security.web.context.request.async.WebAsyncManagerIntegrationFilter@2fa879ed, org.springframework.security.web.context.SecurityContextHolderFilter@995ad50, org.springframework.security.web.header.HeaderWriterFilter@7ed8b44, org.springframework.web.filter.CorsFilter@2b2b7e3c, org.springframework.security.web.authentication.logout.LogoutFilter@315b5913, org.springframework.security.web.authentication.www.BasicAuthenticationFilter@a55e82a, org.springframework.security.web.savedrequest.RequestCacheAwareFilter@36525ab, org.springframework.security.web.servletapi.SecurityContextHolderAwareRequestFilter@698f4aa, org.springframework.security.web.authentication.AnonymousAuthenticationFilter@3ec082a1, org.springframework.security.web.access.ExceptionTranslationFilter@3b0ed98a, org.springframework.security.web.access.intercept.AuthorizationFilter@77856cc5]
2023-06-04T19:55:24.058+03:00  INFO 59667 --- [           main] E.E.S.ECommerceStoreApplicationTests     : Started ECommerceStoreApplicationTests in 1.346 seconds (process running for 1.759)
]]></system-out>
  </testcase>
</testsuite>