<?xml version="1.0" encoding="UTF-8"?>
<testsuite xmlns:xsi="http://www.w3.org/2001/XMLSchema-instance" xsi:noNamespaceSchemaLocation="https://maven.apache.org/surefire/maven-surefire-plugin/xsd/surefire-test-report-3.0.xsd" version="3.0" name="emildobrev.ecommerce.store.ECommerceStoreApplicationTests" time="1.745" tests="1" errors="0" skipped="0" failures="0">
  <properties>
[...]
</properties>
  <testcase name="contextLoads" classname="emildobrev.ecommerce.store.ECommerceStoreApplicationTests" time="0.008">
    <system-out><![CDATA[20:42:46.543 [main] INFO org.springframework.test.context.support.AnnotationConfigContextLoaderUtils -- Could not detect default configuration classes for test class [emildobrev.ecommerce.store.ECommerceStoreApplicationTests]: ECommerceStoreApplicationTests does not declare any static, non-private, non-final, nested classes annotated with @Configuration.
20:42:46.607 [main] INFO org.springframework.boot.test.context.SpringBootTestContextBootstrapper -- Found @SpringBootConfiguration emildobrev.ecommerce.store.ECommerceStoreApplication for test class emildobrev.ecommerce.store.ECommerceStoreApplicationTests

  .   ____          _            __ _ _
 /\\ / ___'_ __ _ _(_)_ __  __ _ \ \ \ \
( ( )\___ | '_ | '_| | '_ \/ _` | \ \ \ \
 \\/  ___)| |_)| | | | | || (_| |  ) ) ) )
  '  |____| .__|_| |_|_| |_\__, | / / / /
 =========|_|==============|___/=/_/_/_/
 :: Spring Boot ::                (v3.1.0)

2023-07-02T20:42:46.810+03:00  INFO 89903 --- [           main] e.e.s.ECommerceStoreApplicationTests     : Starting ECommerceStoreApplicationTests using Java 17.0.6 with PID 89903 (started by dobreve in /Users/dobreve/ECommerceStoreApplication)
2023-07-02T20:42:46.811+03:00  INFO 89903 --- [           main] e.e.s.ECommerceStoreApplicationTests     : The following 1 profile is active: "dev"
2023-07-02T20:42:46.826+03:00 DEBUG 89903 --- [           main] o.s.w.c.s.GenericWebApplicationContext   : Refreshing org.springframework.web.context.support.GenericWebApplicationContext@474179fa
2023-07-02T20:42:47.169+03:00  INFO 89903 --- [           main] .s.d.r.c.RepositoryConfigurationDelegate : Bootstrapping Spring Data MongoDB repositories in DEFAULT mode.
2023-07-02T20:42:47.193+03:00  INFO 89903 --- [           main] .s.d.r.c.RepositoryConfigurationDelegate : Finished Spring Data repository scanning in 22 ms. Found 4 MongoDB repository interfaces.
2023-07-02T20:42:47.544+03:00  INFO 89903 --- [           main] org.mongodb.driver.client                : MongoClient with metadata {"driver": {"name": "mongo-java-driver|sync|spring-boot", "version": "4.9.1"}, "os": {"type": "Darwin", "name": "Mac OS X", "architecture": "aarch64", "version": "12.6.3"}, "platform": "Java/Amazon.com Inc./17.0.6+10-LTS"} created with settings MongoClientSettings{readPreference=primary, writeConcern=WriteConcern{w=null, wTimeout=null ms, journal=null}, retryWrites=true, retryReads=true, readConcern=ReadConcern{level=null}, credential=MongoCredential{mechanism=null, userName='admin', source='admin', password=<hidden>, mechanismProperties=<hidden>}, streamFactoryFactory=null, commandListeners=[io.micrometer.core.instrument.binder.mongodb.MongoMetricsCommandListener@59278072], codecRegistry=ProvidersCodecRegistry{codecProviders=[ValueCodecProvider{}, BsonValueCodecProvider{}, DBRefCodecProvider{}, DBObjectCodecProvider{}, DocumentCodecProvider{}, CollectionCodecProvider{}, IterableCodecProvider{}, MapCodecProvider{}, GeoJsonCodecProvider{}, GridFSFileCodecProvider{}, Jsr310CodecProvider{}, JsonObjectCodecProvider{}, BsonCodecProvider{}, EnumCodecProvider{}, com.mongodb.client.model.mql.ExpressionCodecProvider@2aaa89c2, com.mongodb.Jep395RecordCodecProvider@5a58db42]}, loggerSettings=LoggerSettings{maxDocumentLength=1000}, clusterSettings={hosts=[localhost:27017], srvServiceName=mongodb, mode=SINGLE, requiredClusterType=UNKNOWN, requiredReplicaSetName='null', serverSelector='null', clusterListeners='[]', serverSelectionTimeout='30000 ms', localThreshold='30000 ms'}, socketSettings=SocketSettings{connectTimeoutMS=10000, readTimeoutMS=0, receiveBufferSize=0, sendBufferSize=0}, heartbeatSocketSettings=SocketSettings{connectTimeoutMS=10000, readTimeoutMS=10000, receiveBufferSize=0, sendBufferSize=0}, connectionPoolSettings=ConnectionPoolSettings{maxSize=100, minSize=0, maxWaitTimeMS=120000, maxConnectionLifeTimeMS=0, maxConnectionIdleTimeMS=0, maintenanceInitialDelayMS=0, maintenanceFrequencyMS=60000, connectionPoolListeners=[io.micrometer.core.instrument.binder.mongodb.MongoMetricsConnectionPoolListener@1c98fe6f], maxConnecting=2}, serverSettings=ServerSettings{heartbeatFrequencyMS=10000, minHeartbeatFrequencyMS=500, serverListeners='[]', serverMonitorListeners='[]'}, sslSettings=SslSettings{enabled=false, invalidHostNameAllowed=false, context=null}, applicationName='null', compressorList=[], uuidRepresentation=JAVA_LEGACY, serverApi=null, autoEncryptionSettings=null, contextProvider=null}
2023-07-02T20:42:47.584+03:00  INFO 89903 --- [localhost:27017] org.mongodb.driver.cluster               : Monitor thread successfully connected to server with description ServerDescription{address=localhost:27017, type=STANDALONE, state=CONNECTED, ok=true, minWireVersion=0, maxWireVersion=17, maxDocumentSize=16777216, logicalSessionTimeoutMinutes=30, roundTripTimeNanos=16599417}
2023-07-02T20:42:47.959+03:00 DEBUG 89903 --- [           main] s.w.s.m.m.a.RequestMappingHandlerMapping : 18 mappings in 'requestMappingHandlerMapping'
2023-07-02T20:42:48.000+03:00 DEBUG 89903 --- [           main] o.s.w.s.handler.SimpleUrlHandlerMapping  : Patterns [/webjars/**, /**] in 'resourceHandlerMapping'
2023-07-02T20:42:48.037+03:00  INFO 89903 --- [           main] o.s.b.a.e.web.EndpointLinksResolver      : Exposing 1 endpoint(s) beneath base path '/actuator'
2023-07-02T20:42:48.050+03:00  INFO 89903 --- [           main] o.s.s.web.DefaultSecurityFilterChain     : Will secure any request with [org.springframework.security.web.session.DisableEncodeUrlFilter@1718de70, org.springframework.security.web.context.request.async.WebAsyncManagerIntegrationFilter@6bfc5296, org.springframework.security.web.context.SecurityContextHolderFilter@1e9f6095, org.springframework.security.web.header.HeaderWriterFilter@5478597, org.springframework.web.filter.CorsFilter@41736818, org.springframework.security.web.authentication.logout.LogoutFilter@63218586, emildobrev.ecommerce.store.config.JwtAuthenticationFilter@59bbf82e, org.springframework.security.web.savedrequest.RequestCacheAwareFilter@c770b57, org.springframework.security.web.servletapi.SecurityContextHolderAwareRequestFilter@41935a9d, org.springframework.security.web.authentication.AnonymousAuthenticationFilter@457d3f54, org.springframework.security.web.session.SessionManagementFilter@28f6a008, org.springframework.security.web.access.ExceptionTranslationFilter@3314f179, org.springframework.security.web.access.intercept.AuthorizationFilter@3a720ae3]
2023-07-02T20:42:48.113+03:00 DEBUG 89903 --- [           main] s.w.s.m.m.a.RequestMappingHandlerAdapter : ControllerAdvice beans: 0 @ModelAttribute, 0 @InitBinder, 1 RequestBodyAdvice, 1 ResponseBodyAdvice
2023-07-02T20:42:48.138+03:00 DEBUG 89903 --- [           main] .m.m.a.ExceptionHandlerExceptionResolver : ControllerAdvice beans: 1 @ExceptionHandler, 1 ResponseBodyAdvice
2023-07-02T20:42:48.201+03:00  INFO 89903 --- [           main] e.e.s.ECommerceStoreApplicationTests     : Started ECommerceStoreApplicationTests in 1.521 seconds (process running for 2.788)
]]></system-out>
  </testcase>
</testsuite>